<?xml version="1.0" encoding="UTF-8"?>
<!-- Generated by org.testng.reporters.JUnitXMLReporter -->
<testsuite ignored="0" hostname="Acer-Master" failures="0" tests="3" name="edgeTest" time="11.557" errors="0" timestamp="2025-07-03T02:14:27 IST">
  <testcase classname="tests.TC001_Homepage_CategoryVerification" name="print_mainCategory_names" time="0.227"/>
  <testcase classname="tests.TC001_Homepage_CategoryVerification" name="navigate_randomCategory" time="6.164"/>
  <testcase classname="tests.TC001_Homepage_CategoryVerification" name="verifyProductCount" time="0.045"/>
</testsuite> <!-- edgeTest -->
